d:\facultate\ip\electron\obj\x64\debug\vc143.pdb
d:\facultate\ip\electron\obj\x64\debug\vc143.idb
d:\facultate\ip\electron\obj\x64\debug\tipuricomponente.obj
d:\facultate\ip\electron\obj\x64\debug\uimanager.obj
d:\facultate\ip\electron\obj\x64\debug\sistemevenimente.obj
d:\facultate\ip\electron\obj\x64\debug\pozitionatorcomponente.obj
d:\facultate\ip\electron\obj\x64\debug\main.obj
d:\facultate\ip\electron\obj\x64\debug\grid.obj
d:\facultate\ip\electron\obj\x64\debug\elementegrafice.obj
d:\facultate\ip\electron\obj\x64\debug\desenatorconectori.obj
d:\facultate\ip\electron\obj\x64\debug\componente.obj
d:\facultate\ip\electron\obj\x64\debug\aplicatie.obj
d:\facultate\ip\electron\obj\x64\debug\editorcomponente.obj
d:\facultate\ip\electron\bin\x64\debug\electron.pdb
d:\facultate\ip\electron\obj\x64\debug\electron.vcxproj.filelistabsolute.txt
d:\facultate\ip\electron\obj\x64\debug\electron.tlog\cl.command.1.tlog
d:\facultate\ip\electron\obj\x64\debug\electron.tlog\cl.items.tlog
d:\facultate\ip\electron\obj\x64\debug\electron.tlog\cl.read.1.tlog
d:\facultate\ip\electron\obj\x64\debug\electron.tlog\cl.write.1.tlog
d:\facultate\ip\electron\obj\x64\debug\electron.tlog\link-cvtres.read.1.tlog
d:\facultate\ip\electron\obj\x64\debug\electron.tlog\link-cvtres.write.1.tlog
d:\facultate\ip\electron\obj\x64\debug\electron.tlog\link-rc.read.1.tlog
d:\facultate\ip\electron\obj\x64\debug\electron.tlog\link-rc.write.1.tlog
d:\facultate\ip\electron\obj\x64\debug\electron.tlog\link.40888-cvtres.read.1.tlog
d:\facultate\ip\electron\obj\x64\debug\electron.tlog\link.40888-cvtres.write.1.tlog
d:\facultate\ip\electron\obj\x64\debug\electron.tlog\link.40888-rc.read.1.tlog
d:\facultate\ip\electron\obj\x64\debug\electron.tlog\link.40888-rc.write.1.tlog
d:\facultate\ip\electron\obj\x64\debug\electron.tlog\link.40888.read.1.tlog
d:\facultate\ip\electron\obj\x64\debug\electron.tlog\link.40888.read.2.tlog
d:\facultate\ip\electron\obj\x64\debug\electron.tlog\link.40888.write.1.tlog
d:\facultate\ip\electron\obj\x64\debug\electron.tlog\link.command.1.tlog
d:\facultate\ip\electron\obj\x64\debug\electron.tlog\link.read.1.tlog
d:\facultate\ip\electron\obj\x64\debug\electron.tlog\link.read.2.tlog
d:\facultate\ip\electron\obj\x64\debug\electron.tlog\link.write.1.tlog
