d:\facultate\ip\electron\obj\x64\release\vc143.pdb
d:\facultate\ip\electron\obj\x64\release\vc143.idb
d:\facultate\ip\electron\obj\x64\release\tooltip.obj
d:\facultate\ip\electron\obj\x64\release\tipuricomponente.obj
d:\facultate\ip\electron\obj\x64\release\uimanager.obj
d:\facultate\ip\electron\obj\x64\release\sistemevenimente.obj
d:\facultate\ip\electron\obj\x64\release\pozitionatorcomponente.obj
d:\facultate\ip\electron\obj\x64\release\main.obj
d:\facultate\ip\electron\obj\x64\release\grid.obj
d:\facultate\ip\electron\obj\x64\release\elementegrafice.obj
d:\facultate\ip\electron\obj\x64\release\desenatorconectori.obj
d:\facultate\ip\electron\obj\x64\release\componente.obj
d:\facultate\ip\electron\obj\x64\release\aplicatie.obj
d:\facultate\ip\electron\obj\x64\release\editorcomponente.obj
d:\facultate\ip\electron\obj\x64\release\simulatorcircuit.obj
d:\facultate\ip\electron\obj\x64\release\screenshotter.obj
d:\facultate\ip\electron\obj\x64\release\ecranprincipal.obj
d:\facultate\ip\electron\bin\x64\release\electron.exe
d:\facultate\ip\electron\bin\x64\release\electron.pdb
d:\facultate\ip\electron\obj\x64\release\electron.vcxproj.filelistabsolute.txt
d:\facultate\ip\electron\obj\x64\release\electron.tlog\cl.command.1.tlog
d:\facultate\ip\electron\obj\x64\release\electron.tlog\cl.items.tlog
d:\facultate\ip\electron\obj\x64\release\electron.tlog\cl.read.1.tlog
d:\facultate\ip\electron\obj\x64\release\electron.tlog\cl.write.1.tlog
d:\facultate\ip\electron\obj\x64\release\electron.tlog\link.command.1.tlog
d:\facultate\ip\electron\obj\x64\release\electron.tlog\link.read.1.tlog
d:\facultate\ip\electron\obj\x64\release\electron.tlog\link.write.1.tlog
